{"C:\\Users\\Kuron\\buwebdev\\web-340\\week-8\\fantasy-character-creation\\src\\character-creation.js": {"path":"C:\\Users\\Kuron\\buwebdev\\web-340\\week-8\\fantasy-character-creation\\src\\character-creation.js","statementMap":{"0":{"start":{"line":3,"column":11},"end":{"line":3,"column":33}},"1":{"start":{"line":4,"column":13},"end":{"line":4,"column":28}},"2":{"start":{"line":7,"column":18},"end":{"line":7,"column":57}},"3":{"start":{"line":15,"column":2},"end":{"line":32,"column":3}},"4":{"start":{"line":16,"column":21},"end":{"line":16,"column":23}},"5":{"start":{"line":19,"column":4},"end":{"line":25,"column":5}},"6":{"start":{"line":20,"column":22},"end":{"line":20,"column":59}},"7":{"start":{"line":21,"column":6},"end":{"line":21,"column":39}},"8":{"start":{"line":24,"column":6},"end":{"line":24,"column":43}},"9":{"start":{"line":24,"column":33},"end":{"line":24,"column":43}},"10":{"start":{"line":27,"column":4},"end":{"line":27,"column":31}},"11":{"start":{"line":29,"column":4},"end":{"line":29,"column":71}},"12":{"start":{"line":31,"column":4},"end":{"line":31,"column":68}},"13":{"start":{"line":39,"column":2},"end":{"line":44,"column":3}},"14":{"start":{"line":40,"column":20},"end":{"line":40,"column":57}},"15":{"start":{"line":41,"column":4},"end":{"line":41,"column":31}},"16":{"start":{"line":43,"column":4},"end":{"line":43,"column":68}},"17":{"start":{"line":47,"column":0},"end":{"line":47,"column":52}}},"fnMap":{"0":{"name":"createCharacter","decl":{"start":{"line":14,"column":15},"end":{"line":14,"column":30}},"loc":{"start":{"line":14,"column":42},"end":{"line":33,"column":1}},"line":14},"1":{"name":"getCharacters","decl":{"start":{"line":38,"column":15},"end":{"line":38,"column":28}},"loc":{"start":{"line":38,"column":31},"end":{"line":45,"column":1}},"line":38}},"branchMap":{"0":{"loc":{"start":{"line":24,"column":6},"end":{"line":24,"column":43}},"type":"if","locations":[{"start":{"line":24,"column":6},"end":{"line":24,"column":43}},{"start":{},"end":{}}],"line":24}},"s":{"0":1,"1":1,"2":1,"3":1,"4":1,"5":1,"6":1,"7":0,"8":1,"9":0,"10":1,"11":1,"12":0,"13":2,"14":2,"15":1,"16":1,"17":1},"f":{"0":1,"1":2},"b":{"0":[0,1]},"_coverageSchema":"1a1c01bbd47fc00a2c39e90264f33305004495a9","hash":"4cdd138104621f65f59391e625075eb4392f01b2"}
}
